[debug] [2019-11-28T01:27:37.410Z] ----------------------------------------------------------------------
[debug] [2019-11-28T01:27:37.411Z] Command:       /usr/local/Cellar/node/12.12.0/bin/node /usr/local/bin/firebase deploy --only functions
[debug] [2019-11-28T01:27:37.411Z] CLI Version:   7.8.1
[debug] [2019-11-28T01:27:37.411Z] Platform:      darwin
[debug] [2019-11-28T01:27:37.412Z] Node Version:  v12.12.0
[debug] [2019-11-28T01:27:37.413Z] Time:          Wed Nov 27 2019 20:27:37 GMT-0500 (Eastern Standard Time)
[debug] [2019-11-28T01:27:37.413Z] ----------------------------------------------------------------------
[debug] [2019-11-28T01:27:37.413Z] 
[debug] [2019-11-28T01:27:37.423Z] > command requires scopes: ["email","openid","https://www.googleapis.com/auth/cloudplatformprojects.readonly","https://www.googleapis.com/auth/firebase","https://www.googleapis.com/auth/cloud-platform"]
[debug] [2019-11-28T01:27:37.423Z] > authorizing via signed-in user
[debug] [2019-11-28T01:27:37.423Z] [iam] checking project ameelio-badeb for permissions ["cloudfunctions.functions.create","cloudfunctions.functions.delete","cloudfunctions.functions.get","cloudfunctions.functions.list","cloudfunctions.functions.update","cloudfunctions.operations.get","firebase.projects.get"]
[debug] [2019-11-28T01:27:37.424Z] >>> HTTP REQUEST POST https://cloudresourcemanager.googleapis.com/v1/projects/ameelio-badeb:testIamPermissions  

[debug] [2019-11-28T01:27:37.697Z] <<< HTTP RESPONSE 200
[info] 
[info] === Deploying to 'ameelio-badeb'...
[info] 
[info] i  deploying functions
[debug] [2019-11-28T01:27:39.065Z] > [functions] package.json contents: {
  "name": "functions",
  "description": "Cloud Functions for Firebase",
  "scripts": {
    "serve": "firebase serve --only functions",
    "shell": "firebase functions:shell",
    "start": "npm run shell",
    "deploy": "firebase deploy --only functions",
    "logs": "firebase functions:log"
  },
  "engines": {
    "node": "8"
  },
  "dependencies": {
    "async": "^3.1.0",
    "firebase-admin": "^8.6.0",
    "firebase-functions": "^3.3.0",
    "glob": "^7.1.6",
    "request": "^2.88.0",
    "request-promise": "^4.2.5"
  },
  "devDependencies": {
    "firebase-functions-test": "^0.1.6"
  },
  "private": true
}
[info] i  functions: ensuring necessary APIs are enabled...
[debug] [2019-11-28T01:27:39.066Z] >>> HTTP REQUEST GET https://serviceusage.googleapis.com/v1/projects/ameelio-badeb/services/cloudfunctions.googleapis.com  
 
[debug] [2019-11-28T01:27:39.067Z] >>> HTTP REQUEST GET https://serviceusage.googleapis.com/v1/projects/ameelio-badeb/services/runtimeconfig.googleapis.com  
 
[debug] [2019-11-28T01:27:39.387Z] <<< HTTP RESPONSE 200
[debug] [2019-11-28T01:27:39.395Z] <<< HTTP RESPONSE 200
[info] ✔  functions: all necessary APIs are enabled
[debug] [2019-11-28T01:27:39.396Z] >>> HTTP REQUEST GET https://firebase.googleapis.com/v1beta1/projects/ameelio-badeb/adminSdkConfig  
 
[debug] [2019-11-28T01:27:39.640Z] <<< HTTP RESPONSE 200
[info] i  functions: preparing functions directory for uploading...
[debug] [2019-11-28T01:27:39.642Z] >>> HTTP REQUEST GET https://runtimeconfig.googleapis.com/v1beta1/projects/ameelio-badeb/configs  
 
[debug] [2019-11-28T01:27:40.037Z] <<< HTTP RESPONSE 200
[info] i  functions: packaged functions (31.84 KB) for uploading
[debug] [2019-11-28T01:27:40.457Z] >>> HTTP REQUEST POST https://cloudfunctions.googleapis.com/v1/projects/ameelio-badeb/locations/us-central1/functions:generateUploadUrl  
 
[debug] [2019-11-28T01:27:41.245Z] <<< HTTP RESPONSE 200
[debug] [2019-11-28T01:27:41.246Z] >>> HTTP REQUEST PUT https://storage.googleapis.com/gcf-upload-us-central1-9ecfa3a2-0015-4663-950d-252a1f94179b/b085b05e-7727-44bf-bb9b-607c8eb6251f.zip?GoogleAccessId=service-42596678946@gcf-admin-robot.iam.gserviceaccount.com&Expires=1574906287&Signature=OB5sFjFEr796X8vMFMilshtU%2F1N1IRsqQ6GtRyK61YNLlYSLwOiTiZPPCQKOg7EnUq2pCHmhSJu02k8kCkzkA7Q7SYuVORbKlUGU5FC9b4hEH4anT0JOaocsVeJ3NA4uLy6PUywiABFH1cyMF0xL6pjGqQLZbkaNkIiVpJipYJeCAeKLr4t8xp0zPcm73MwK5Yw3RUUudTWyjsjCbu8rqtSbQfAoRTBnHxMGp09WZeSFxEFlbE8NfECNSbDmBr4MxnXaWHFZktnTavn3cRKa9PFKoLR5Qz4m6bscWeQsd4ZBLwc8pFbD%2BMbtdXtqlyCNen%2Fb73TY6ff6sQL6VbLzBQ%3D%3D  
 <request body omitted>
[debug] [2019-11-28T01:27:41.423Z] <<< HTTP RESPONSE 200
[info] ✔  functions: functions folder uploaded successfully
[debug] [2019-11-28T01:27:41.425Z] >>> HTTP REQUEST GET https://cloudfunctions.googleapis.com/v1/projects/ameelio-badeb/locations/-/functions  
 
[debug] [2019-11-28T01:27:41.908Z] <<< HTTP RESPONSE 200
[info] i  functions: updating Node.js 8 function createCometChatUser(us-central1)...
[debug] [2019-11-28T01:27:41.910Z] Trigger is:  {"eventTrigger":{"resource":"projects/ameelio-badeb","eventType":"providers/firebase.auth/eventTypes/user.create","service":"firebaseauth.googleapis.com"}}
[info] 
The following functions are found in your project but do not exist in your local source code:
	addToDatabase(us-central1)
	pushTest(us-central1)

If you are renaming a function or changing its region, it is recommended that you create the new function first before deleting the old one to prevent event loss. For more info, visit https://firebase.google.com/docs/functions/manage-functions#modify

[info] i  functions: continuing with other deployments.
[debug] [2019-11-28T01:27:41.924Z] >>> HTTP REQUEST GET https://serviceusage.googleapis.com/v1/projects/ameelio-badeb/services/cloudscheduler.googleapis.com  
 
[debug] [2019-11-28T01:27:42.290Z] <<< HTTP RESPONSE 200
[debug] [2019-11-28T01:27:42.291Z] >>> HTTP REQUEST PATCH https://cloudfunctions.googleapis.com/v1/projects/ameelio-badeb/locations/us-central1/functions/createCometChatUser {"updateMask":"sourceUploadUrl,name,labels,runtime,eventTrigger.resource,eventTrigger.eventType,eventTrigger.service"} 

[debug] [2019-11-28T01:27:42.723Z] <<< HTTP RESPONSE 200
[debug] [2019-11-28T01:27:42.724Z] >>> HTTP REQUEST GET https://cloudfunctions.googleapis.com/v1/operations/YW1lZWxpby1iYWRlYi91cy1jZW50cmFsMS9jcmVhdGVDb21ldENoYXRVc2VyL0RVZjhJWGtZWVl3  
 
[debug] [2019-11-28T01:27:43.032Z] <<< HTTP RESPONSE 200
